<?xml version="1.0" encoding="UTF-8"?>
<!-- Generated by org.testng.reporters.JUnitReportReporter -->
<testsuite skipped="0" hostname="LAPTOP-D3PIV0PK" name="com.learn4earn.dataprovider.MultipleTestCases" tests="14" failures="0" timestamp="2022-05-13T22:38:07 EDT" time="0.055" errors="0">
  <testcase name="launchUrl" time="0.009" classname="com.learn4earn.dataprovider.MultipleTestCases"/>
  <system-out/>
  <testcase name="launchUrl" time="0.002" classname="com.learn4earn.dataprovider.MultipleTestCases"/>
  <system-out/>
  <testcase name="launchUrl" time="0.002" classname="com.learn4earn.dataprovider.MultipleTestCases"/>
  <system-out/>
  <testcase name="enterCredentials" time="0.002" classname="com.learn4earn.dataprovider.MultipleTestCases"/>
  <system-out/>
  <testcase name="enterCredentials" time="0.002" classname="com.learn4earn.dataprovider.MultipleTestCases"/>
  <system-out/>
  <testcase name="enterCredentials" time="0.016" classname="com.learn4earn.dataprovider.MultipleTestCases"/>
  <system-out/>
  <testcase name="validateLoginPage" time="0.004" classname="com.learn4earn.dataprovider.MultipleTestCases"/>
  <system-out/>
  <testcase name="validateLoginPage" time="0.005" classname="com.learn4earn.dataprovider.MultipleTestCases"/>
  <system-out/>
  <testcase name="validateLoginPage" time="0.001" classname="com.learn4earn.dataprovider.MultipleTestCases"/>
  <system-out/>
  <testcase name="logOut" time="0.002" classname="com.learn4earn.dataprovider.MultipleTestCases"/>
  <system-out/>
  <testcase name="logOut" time="0.002" classname="com.learn4earn.dataprovider.MultipleTestCases"/>
  <system-out/>
  <testcase name="logOut" time="0.001" classname="com.learn4earn.dataprovider.MultipleTestCases"/>
  <system-out/>
  <testcase name="sample" time="0.002" classname="com.learn4earn.dataprovider.MultipleTestCases"/>
  <system-out/>
  <testcase name="sample" time="0.005" classname="com.learn4earn.dataprovider.MultipleTestCases"/>
  <system-out/>
</testsuite> <!-- com.learn4earn.dataprovider.MultipleTestCases -->
