<?xml version="1.0" encoding="UTF-8"?>
<!-- Generated by org.testng.reporters.JUnitReportReporter -->
<testsuite hostname="LAPTOP-D3PIV0PK" failures="0" tests="6" name="com.learn4earn.testng.Annotations" time="27.246" errors="0" timestamp="2022-05-03T13:47:13 EDT" skipped="0">
  <testcase classname="com.learn4earn.testng.Annotations" name="logOut" time="6.977"/>
  <system-out/>
  <testcase classname="com.learn4earn.testng.Annotations" name="closeWebDriver" time="0.266"/>
  <system-out/>
  <testcase classname="com.learn4earn.testng.Annotations" name="launchRediff" time="4.462"/>
  <system-out/>
  <testcase classname="com.learn4earn.testng.Annotations" name="signIn" time="7.229"/>
  <system-out/>
  <testcase classname="com.learn4earn.testng.Annotations" name="rediffHome" time="4.751"/>
  <system-out/>
  <testcase classname="com.learn4earn.testng.Annotations" name="initializeWebDriver" time="3.561"/>
  <system-out/>
</testsuite> <!-- com.learn4earn.testng.Annotations -->
