<?xml version="1.0" encoding="UTF-8"?>
<!-- Generated by org.testng.reporters.JUnitReportReporter -->
<testsuite hostname="LAPTOP-D3PIV0PK" failures="0" tests="6" name="com.learn4earn.testng.TestPriorityRediffTestNG" time="49.606" errors="0" timestamp="2022-05-12T19:29:42 EDT" skipped="0">
  <testcase classname="com.learn4earn.testng.TestPriorityRediffTestNG" name="initializeWebDriver" time="2.518"/>
  <system-out/>
  <testcase classname="com.learn4earn.testng.TestPriorityRediffTestNG" name="launchRediff" time="4.147"/>
  <system-out/>
  <testcase classname="com.learn4earn.testng.TestPriorityRediffTestNG" name="signIn" time="7.097"/>
  <system-out/>
  <testcase classname="com.learn4earn.testng.TestPriorityRediffTestNG" name="logOut" time="5.420"/>
  <system-out/>
  <testcase classname="com.learn4earn.testng.TestPriorityRediffTestNG" name="rediffHome" time="30.236"/>
  <system-out/>
  <testcase classname="com.learn4earn.testng.TestPriorityRediffTestNG" name="closeWebDriver" time="0.188"/>
  <system-out/>
</testsuite> <!-- com.learn4earn.testng.TestPriorityRediffTestNG -->
