<?xml version="1.0" encoding="UTF-8"?>
<!-- Generated by org.testng.reporters.JUnitReportReporter -->
<testsuite hostname="LAPTOP-D3PIV0PK" failures="0" tests="6" name="com.learn4earn.testng.DifferentAnnotationsExperiment" time="26.166" errors="0" timestamp="2022-05-03T15:34:32 EDT" skipped="0">
  <testcase classname="com.learn4earn.testng.DifferentAnnotationsExperiment" name="initializeWebDriver" time="2.444"/>
  <system-out/>
  <testcase classname="com.learn4earn.testng.DifferentAnnotationsExperiment" name="launchRediff" time="4.110"/>
  <system-out/>
  <testcase classname="com.learn4earn.testng.DifferentAnnotationsExperiment" name="signIn" time="6.917"/>
  <system-out/>
  <testcase classname="com.learn4earn.testng.DifferentAnnotationsExperiment" name="logOut" time="5.063"/>
  <system-out/>
  <testcase classname="com.learn4earn.testng.DifferentAnnotationsExperiment" name="rediffHome" time="7.478"/>
  <system-out/>
  <testcase classname="com.learn4earn.testng.DifferentAnnotationsExperiment" name="closeWebDriver" time="0.154"/>
  <system-out/>
</testsuite> <!-- com.learn4earn.testng.DifferentAnnotationsExperiment -->
