<?xml version="1.0" encoding="UTF-8"?>
<!-- Generated by org.testng.reporters.JUnitReportReporter -->
<testsuite hostname="LAPTOP-D3PIV0PK" failures="0" tests="3" name="com.learn4earn.dataprovider.TestCases_DataProvider" time="0.020" errors="0" timestamp="2022-05-07T18:58:15 EDT" skipped="0">
  <testcase classname="com.learn4earn.dataprovider.TestCases_DataProvider" name="registeredUser" time="0.011"/>
  <system-out/>
  <testcase classname="com.learn4earn.dataprovider.TestCases_DataProvider" name="registeredUser" time="0.005"/>
  <system-out/>
  <testcase classname="com.learn4earn.dataprovider.TestCases_DataProvider" name="registeredUser" time="0.004"/>
  <system-out/>
</testsuite> <!-- com.learn4earn.dataprovider.TestCases_DataProvider -->
