<?xml version="1.0" encoding="UTF-8"?>
<!-- Generated by org.testng.reporters.JUnitReportReporter -->
<testsuite skipped="0" hostname="LAPTOP-D3PIV0PK" name="datahandling_properties.Rediff_Config" tests="4" failures="0" timestamp="2022-05-13T15:56:28 EDT" time="37.493" errors="0">
  <testcase name="launchUrl" time="7.359" classname="datahandling_properties.Rediff_Config"/>
  <system-out/>
  <testcase name="signIn" time="15.720" classname="datahandling_properties.Rediff_Config"/>
  <system-out/>
  <testcase name="logOut" time="5.681" classname="datahandling_properties.Rediff_Config"/>
  <system-out/>
  <testcase name="rediffHome" time="8.733" classname="datahandling_properties.Rediff_Config"/>
  <system-out/>
</testsuite> <!-- datahandling_properties.Rediff_Config -->
