<?xml version="1.0" encoding="UTF-8"?>
<!-- Generated by org.testng.reporters.JUnitReportReporter -->
<testsuite hostname="LAPTOP-D3PIV0PK" failures="0" tests="2" name="com.learn4earn.testng.Rediff_SoftAssert" time="25.411" errors="0" timestamp="2022-05-03T22:41:00 EDT" skipped="0">
  <testcase classname="com.learn4earn.testng.Rediff_SoftAssert" name="launchDriver" time="5.511"/>
  <system-out/>
  <testcase classname="com.learn4earn.testng.Rediff_SoftAssert" name="testNGValidationsSoftAssert" time="19.900"/>
  <system-out/>
</testsuite> <!-- com.learn4earn.testng.Rediff_SoftAssert -->
