<?xml version="1.0" encoding="UTF-8"?>
<!-- Generated by org.testng.reporters.JUnitReportReporter -->
<testsuite hostname="LAPTOP-D3PIV0PK" failures="0" tests="1" name="com.learn4earn.testng.FirstTestng" time="9.686" errors="0" timestamp="2022-05-01T21:55:49 EDT" skipped="0">
  <testcase classname="com.learn4earn.testng.FirstTestng" name="init" time="9.686"/>
  <system-out/>
</testsuite> <!-- com.learn4earn.testng.FirstTestng -->
