<?xml version="1.0" encoding="UTF-8"?>
<!-- Generated by org.testng.reporters.JUnitReportReporter -->
<testsuite hostname="LAPTOP-D3PIV0PK" failures="0" tests="3" name="com.learn4earn.testng.ClassWork" time="6.422" errors="0" timestamp="2022-05-03T20:15:00 EDT" skipped="0">
  <testcase classname="com.learn4earn.testng.ClassWork" name="validateSignInLink" time="3.196"/>
  <system-out/>
  <testcase classname="com.learn4earn.testng.ClassWork" name="validateLandingPage" time="0.030"/>
  <system-out/>
  <testcase classname="com.learn4earn.testng.ClassWork" name="validateLoginPage" time="3.196"/>
  <system-out/>
</testsuite> <!-- com.learn4earn.testng.ClassWork -->
