<?xml version="1.0" encoding="UTF-8"?>
<!-- Generated by org.testng.reporters.JUnitReportReporter -->
<testsuite hostname="LAPTOP-D3PIV0PK" failures="0" tests="6" name="com.learn4earn.assignments.RediffValidationTestNGxml" time="46.206" errors="0" timestamp="2022-05-12T18:51:39 EDT" skipped="0">
  <testcase classname="com.learn4earn.assignments.RediffValidationTestNGxml" name="rediffHome" time="27.015"/>
  <system-out/>
  <testcase classname="com.learn4earn.assignments.RediffValidationTestNGxml" name="launchRediff" time="4.362"/>
  <system-out/>
  <testcase classname="com.learn4earn.assignments.RediffValidationTestNGxml" name="logOut" time="5.256"/>
  <system-out/>
  <testcase classname="com.learn4earn.assignments.RediffValidationTestNGxml" name="signIn" time="7.032"/>
  <system-out/>
  <testcase classname="com.learn4earn.assignments.RediffValidationTestNGxml" name="initializeWebDriver" time="2.397"/>
  <system-out/>
  <testcase classname="com.learn4earn.assignments.RediffValidationTestNGxml" name="closeWebDriver" time="0.144"/>
  <system-out/>
</testsuite> <!-- com.learn4earn.assignments.RediffValidationTestNGxml -->
