<?xml version="1.0" encoding="UTF-8"?>
<!-- Generated by org.testng.reporters.JUnitReportReporter -->
<testsuite hostname="LAPTOP-D3PIV0PK" failures="0" tests="4" name="com.learn4earn.dataprovider.ExampleDataProvider" time="0.023" errors="0" timestamp="2022-05-12T02:31:20 EDT" skipped="0">
  <testcase classname="com.learn4earn.dataprovider.ExampleDataProvider" name="launchUrl" time="0.016"/>
  <system-out/>
  <testcase classname="com.learn4earn.dataprovider.ExampleDataProvider" name="enterCredentials" time="0.002"/>
  <system-out/>
  <testcase classname="com.learn4earn.dataprovider.ExampleDataProvider" name="validateLoginPage" time="0.002"/>
  <system-out/>
  <testcase classname="com.learn4earn.dataprovider.ExampleDataProvider" name="logOut" time="0.003"/>
  <system-out/>
</testsuite> <!-- com.learn4earn.dataprovider.ExampleDataProvider -->
