<?xml version="1.0" encoding="UTF-8"?>
<!-- Generated by org.testng.reporters.JUnitReportReporter -->
<testsuite skipped="0" hostname="LAPTOP-D3PIV0PK" name="maven_surefire_compile_plugins.OpenUrl" tests="2" failures="0" timestamp="28 May 2022 18:19:15 GMT" time="0.002" errors="0">
  <testcase name="enterUrl" time="0.001" classname="maven_surefire_compile_plugins.OpenUrl"/>
  <testcase name="openBrowser" time="0.001" classname="maven_surefire_compile_plugins.OpenUrl"/>
</testsuite> <!-- maven_surefire_compile_plugins.OpenUrl -->
