<?xml version="1.0" encoding="UTF-8"?>
<!-- Generated by org.testng.reporters.JUnitReportReporter -->
<testsuite skipped="0" hostname="LAPTOP-D3PIV0PK" name="maven_surefire_compile_plugins.Login" tests="1" failures="0" timestamp="28 May 2022 18:35:31 GMT" time="0.134" errors="0">
  <testcase name="submitLoginCredentials" time="0.134" classname="maven_surefire_compile_plugins.Login"/>
</testsuite> <!-- maven_surefire_compile_plugins.Login -->
